0 verbose cli [
0 verbose cli   'C:\\Program Files\\nodejs\\node.exe',
0 verbose cli   'C:\\Users\\mriju\\AppData\\Roaming\\npm\\node_modules\\npm\\bin\\npm-cli.js',
0 verbose cli   'run',
0 verbose cli   'start'
0 verbose cli ]
1 info using npm@7.24.0
2 info using node@v14.15.4
3 timing npm:load:whichnode Completed in 0ms
4 timing config:load:defaults Completed in 2ms
5 timing config:load:file:C:\Users\mriju\AppData\Roaming\npm\node_modules\npm\npmrc Completed in 6ms
6 timing config:load:builtin Completed in 6ms
7 timing config:load:cli Completed in 3ms
8 timing config:load:env Completed in 1ms
9 timing config:load:file:C:\Users\mriju\Documents\batch 143\s02\activity-unit-testing\.npmrc Completed in 1ms
10 timing config:load:project Completed in 4ms
11 timing config:load:file:C:\Users\mriju\.npmrc Completed in 2ms
12 timing config:load:user Completed in 2ms
13 timing config:load:file:C:\Users\mriju\AppData\Roaming\npm\etc\npmrc Completed in 0ms
14 timing config:load:global Completed in 0ms
15 timing config:load:validate Completed in 2ms
16 timing config:load:credentials Completed in 1ms
17 timing config:load:setEnvs Completed in 2ms
18 timing config:load Completed in 23ms
19 timing npm:load:configload Completed in 24ms
20 timing npm:load:setTitle Completed in 0ms
21 timing npm:load:setupLog Completed in 1ms
22 timing config:load:flatten Completed in 4ms
23 timing npm:load:cleanupLog Completed in 3ms
24 timing npm:load:configScope Completed in 0ms
25 timing npm:load:projectScope Completed in 1ms
26 timing npm:load Completed in 33ms
27 timing command:run-script Completed in 11ms
28 verbose stack Error: Missing script: "start"
28 verbose stack
28 verbose stack Did you mean one of these?
28 verbose stack     npm star # Mark your favorite packages
28 verbose stack     npm stars # View packages marked as favorites
28 verbose stack
28 verbose stack To see a list of scripts, run:
28 verbose stack   npm run
28 verbose stack     at RunScript.run (C:\Users\mriju\AppData\Roaming\npm\node_modules\npm\lib\run-script.js:104:13)
29 verbose cwd C:\Users\mriju\Documents\batch 143\s02\activity-unit-testing
30 verbose Windows_NT 10.0.19042
31 verbose argv "C:\\Program Files\\nodejs\\node.exe" "C:\\Users\\mriju\\AppData\\Roaming\\npm\\node_modules\\npm\\bin\\npm-cli.js" "run" "start"
32 verbose node v14.15.4
33 verbose npm  v7.24.0
34 error Missing script: "start"
34 error
34 error Did you mean one of these?
34 error     npm star # Mark your favorite packages
34 error     npm stars # View packages marked as favorites
34 error
34 error To see a list of scripts, run:
34 error   npm run
35 verbose exit 1
